16:27:06.310 [main] INFO  MyLearning.AmazonHomeTest - browser opened
16:30:25.827 [main] INFO  MyLearning.AmazonHomeTest - browser opened
16:31:06.594 [main] INFO  MyLearning.AmazonHomeTest - browser opened
16:33:04.804 [main] INFO  MyLearning.AmazonHomeTest - browser opened
22:52:22.440 [main] INFO  MyLearning.AmazonHomeTest - browser opened
22:52:56.362 [main] INFO  MyLearning.AmazonHomeTest - browser opened
22:57:38.854 [main] INFO  MyLearning.AmazonHomeTest - browser opened
02:27:46.554 [main] INFO  MyLearning.AmazonHomeTest - browser opened
02:34:37.275 [main] INFO  MyLearning.AmazonHomeTest - browser opened
02:35:48.113 [main] INFO  MyLearning.AmazonHomeTest - browser opened
02:35:55.853 [main] INFO  MyLearning.AmazonHomeTest - Amazon.com: Online Shopping for Electronics, Apparel, Computers, Books, DVDs & more
02:47:40.280 [main] INFO  MyLearning.AmazonHomeTest - browser opened
02:50:23.192 [main] INFO  MyLearning.AmazonHomeTest - browser opened
02:50:28.424 [main] INFO  MyLearning.AmazonHomeTest - Amazon.com: Online Shopping for Electronics, Apparel, Computers, Books, DVDs & more
02:51:12.346 [main] INFO  MyLearning.AmazonHomeTest - browser opened
02:57:48.570 [main] INFO  MyLearning.AmazonHomeTest - browser opened
02:57:54.246 [main] INFO  MyLearning.AmazonHomeTest - Amazon.com: Online Shopping for Electronics, Apparel, Computers, Books, DVDs & more
14:54:58.393 [main] INFO  MyLearning.AmazonHomeTest - browser opened
14:55:05.475 [main] INFO  MyLearning.AmazonHomeTest - Amazon.com: Online Shopping for Electronics, Apparel, Computers, Books, DVDs & more
15:11:24.325 [main] INFO  MyLearning.AmazonHomeTest - browser opened
15:12:39.232 [main] INFO  MyLearning.AmazonHomeTest - browser opened
15:13:21.255 [main] INFO  MyLearning.AmazonHomeTest - browser opened
15:13:26.962 [main] INFO  MyLearning.AmazonHomeTest - Amazon.com: Online Shopping for Electronics, Apparel, Computers, Books, DVDs & more
15:14:32.677 [main] INFO  MyLearning.AmazonHomeTest - browser opened
15:20:30.749 [main] INFO  MyLearning.AmazonHomeTest - browser opened
15:21:00.915 [main] INFO  MyLearning.AmazonHomeTest - browser opened
15:21:42.870 [main] INFO  MyLearning.AmazonHomeTest - browser opened
15:22:16.040 [main] INFO  MyLearning.AmazonHomeTest - browser opened
15:22:57.574 [main] INFO  MyLearning.AmazonHomeTest - browser opened
15:24:59.901 [main] INFO  MyLearning.AmazonHomeTest - browser opened
15:25:27.057 [main] INFO  MyLearning.AmazonHomeTest - browser opened
15:09:07.646 [main] INFO  MyLearning.AmazonHomeTest - browser opened
15:21:53.291 [main] INFO  MyLearning.AmazonHomeTest - browser opened
15:38:12.154 [main] INFO  MyLearning.AmazonHomeTest - browser opened
15:38:12.371 [main] INFO  MyLearning.AmazonHomeTest - parent isCreate your Google Account
15:38:13.433 [main] INFO  MyLearning.AmazonHomeTest - child isWhy Google asks for certain info to create an account - Google Account Help
15:38:13.483 [main] INFO  MyLearning.AmazonHomeTest - parent after switching isCreate your Google Account
21:17:30.190 [main] INFO  MyLearning.AmazonHomeTest - browser opened
21:44:57.042 [main] INFO  MyLearning.AmazonHomeTest - browser opened
21:46:18.895 [main] INFO  MyLearning.AmazonHomeTest - browser opened
21:48:06.891 [main] INFO  MyLearning.AmazonHomeTest - browser opened
21:49:47.711 [main] INFO  MyLearning.AmazonHomeTest - browser opened
21:49:48.097 [main] INFO  MyLearning.AmazonHomeTest - parent isCreate your Google Account
21:49:49.151 [main] INFO  MyLearning.AmazonHomeTest - child isWhy Google asks for certain info to create an account - Google Account Help
21:49:49.217 [main] INFO  MyLearning.AmazonHomeTest - parent after switching isCreate your Google Account
21:50:20.659 [main] INFO  MyLearning.AmazonHomeTest - browser opened
21:51:46.738 [main] INFO  MyLearning.AmazonHomeTest - browser opened
21:51:54.703 [main] INFO  MyLearning.AmazonHomeTest - Amazon.com: Online Shopping for Electronics, Apparel, Computers, Books, DVDs & more
21:52:36.206 [main] INFO  MyLearning.AmazonHomeTest - browser opened
21:52:44.497 [main] INFO  MyLearning.AmazonHomeTest - Amazon.com: Online Shopping for Electronics, Apparel, Computers, Books, DVDs & more
21:53:04.608 [main] INFO  MyLearning.AmazonHomeTest - browser opened
21:53:05.081 [main] INFO  MyLearning.AmazonHomeTest - parent isCreate your Google Account
21:53:06.225 [main] INFO  MyLearning.AmazonHomeTest - child isWhy Google asks for certain info to create an account - Google Account Help
21:53:06.277 [main] INFO  MyLearning.AmazonHomeTest - parent after switching isCreate your Google Account
11:48:47.142 [main] INFO  MyLearning.AmazonHomeTest - browser opened
11:51:41.473 [main] INFO  MyLearning.AmazonHomeTest - browser opened
11:51:47.711 [main] INFO  MyLearning.AmazonHomeTest - browser opened
11:51:47.930 [main] INFO  MyLearning.AmazonHomeTest - parent isCreate your Google Account
11:51:49.175 [main] INFO  MyLearning.AmazonHomeTest - child isWhy Google asks for certain info to create an account - Google Account Help
11:51:49.271 [main] INFO  MyLearning.AmazonHomeTest - parent after switching isCreate your Google Account
11:53:29.521 [main] INFO  MyLearning.AmazonHomeTest - browser opened
11:55:57.285 [main] INFO  MyLearning.AmazonHomeTest - browser opened
11:55:58.382 [main] INFO  MyLearning.AmazonHomeTest - Todats Deal Title is Amazon.com: Online Shopping for Electronics, Apparel, Computers, Books, DVDs & more
12:06:22.863 [main] INFO  MyLearning.AmazonHomeTest - browser opened
12:06:23.642 [main] INFO  MyLearning.AmazonHomeTest - HomePageis  Amazon.com: Online Shopping for Electronics, Apparel, Computers, Books, DVDs & more
12:06:24.202 [main] INFO  MyLearning.AmazonHomeTest - Todats Deal Title is Amazon.com: Online Shopping for Electronics, Apparel, Computers, Books, DVDs & more
12:09:18.779 [main] INFO  MyLearning.AmazonHomeTest - browser opened
12:09:19.598 [main] INFO  MyLearning.AmazonHomeTest - HomePageis  Amazon.com: Online Shopping for Electronics, Apparel, Computers, Books, DVDs & more
12:09:20.076 [main] INFO  MyLearning.AmazonHomeTest - Todats Deal Title is Amazon.com: Online Shopping for Electronics, Apparel, Computers, Books, DVDs & more
12:45:04.213 [main] INFO  MyLearning.AmazonHomeTest - browser opened
12:45:04.908 [main] INFO  MyLearning.AmazonHomeTest - HomePageis  Amazon.com: Online Shopping for Electronics, Apparel, Computers, Books, DVDs & more
12:45:07.330 [main] INFO  MyLearning.AmazonHomeTest - Todats Deal Title is Amazon.com: iphone 7 adapter charge and headphone
12:45:15.146 [main] INFO  MyLearning.AmazonHomeTest - browser opened
12:45:15.476 [main] INFO  MyLearning.AmazonHomeTest - parent isCreate your Google Account
12:45:16.548 [main] INFO  MyLearning.AmazonHomeTest - child isWhy Google asks for certain info to create an account - Google Account Help
12:45:16.638 [main] INFO  MyLearning.AmazonHomeTest - parent after switching isCreate your Google Account
13:50:57.633 [main] INFO  MyLearning.AmazonHomeTest - Electronics, Cars, Fashion, Collectibles, Coupons and More | eBay
13:50:59.000 [main] INFO  MyLearning.AmazonHomeTest - Sitemap | eBay
13:50:59.000 [main] INFO  MyLearning.AmazonHomeTest - pass
22:39:54.289 [main] INFO  MyLearning.AmazonHomeTest - browser opened
22:39:54.944 [main] INFO  MyLearning.AmazonHomeTest - HomePageis  Amazon.com: Online Shopping for Electronics, Apparel, Computers, Books, DVDs & more
22:39:57.212 [main] INFO  MyLearning.AmazonHomeTest - Todats Deal Title is Amazon.com: iphone 7 adapter charge and headphone
22:40:05.055 [main] INFO  MyLearning.AmazonHomeTest - browser opened
22:40:05.427 [main] INFO  MyLearning.AmazonHomeTest - parent isCreate your Google Account
22:40:06.488 [main] INFO  MyLearning.AmazonHomeTest - child isWhy Google asks for certain info to create an account - Google Account Help
22:40:06.564 [main] INFO  MyLearning.AmazonHomeTest - parent after switching isCreate your Google Account
22:41:52.117 [main] INFO  MyLearning.AmazonHomeTest - browser opened
22:41:52.814 [main] INFO  MyLearning.AmazonHomeTest - HomePageis  Amazon.com: Online Shopping for Electronics, Apparel, Computers, Books, DVDs & more
22:41:53.245 [main] INFO  MyLearning.AmazonHomeTest - Todats Deal Title is Amazon.com: Online Shopping for Electronics, Apparel, Computers, Books, DVDs & more
22:42:06.493 [main] INFO  MyLearning.AmazonHomeTest - browser opened
22:42:06.709 [main] INFO  MyLearning.AmazonHomeTest - parent isCreate your Google Account
22:42:07.755 [main] INFO  MyLearning.AmazonHomeTest - child isWhy Google asks for certain info to create an account - Google Account Help
22:42:07.795 [main] INFO  MyLearning.AmazonHomeTest - parent after switching isCreate your Google Account
13:29:50.606 [main] INFO  MyLearning.AmazonHomeTest - browser opened
13:29:52.498 [main] INFO  MyLearning.AmazonHomeTest - HomePageis  Amazon.com: Online Shopping for Electronics, Apparel, Computers, Books, DVDs & more
13:29:53.377 [main] INFO  MyLearning.AmazonHomeTest - Todats Deal Title is Amazon.com: Online Shopping for Electronics, Apparel, Computers, Books, DVDs & more
13:30:31.325 [main] INFO  MyLearning.AmazonHomeTest - browser opened
13:30:31.577 [main] INFO  MyLearning.AmazonHomeTest - parent isCreate your Google Account
13:30:39.207 [main] INFO  MyLearning.AmazonHomeTest - child isWhy Google asks for certain info to create an account - Google Account Help
13:30:39.277 [main] INFO  MyLearning.AmazonHomeTest - parent after switching isCreate your Google Account
13:34:33.901 [main] INFO  MyLearning.AmazonHomeTest - browser opened
13:34:39.348 [main] INFO  MyLearning.AmazonHomeTest - Amazon.com: Online Shopping for Electronics, Apparel, Computers, Books, DVDs & more
13:52:22.960 [main] INFO  MyLearning.AmazonHomeTest - browser opened
13:52:29.469 [main] INFO  MyLearning.AmazonHomeTest - browser opened
13:55:59.534 [main] INFO  MyLearning.AmazonHomeTest - browser opened
13:56:08.585 [main] INFO  MyLearning.AmazonHomeTest - browser opened
13:58:21.011 [main] INFO  MyLearning.AmazonHomeTest - browser opened
13:58:27.404 [main] INFO  MyLearning.AmazonHomeTest - browser opened
13:59:16.169 [main] INFO  MyLearning.AmazonHomeTest - browser opened
13:59:22.040 [main] INFO  MyLearning.AmazonHomeTest - Amazon.com: Online Shopping for Electronics, Apparel, Computers, Books, DVDs & more
14:01:31.711 [main] INFO  MyLearning.AmazonHomeTest - browser opened
14:01:41.355 [main] INFO  MyLearning.AmazonHomeTest - browser opened
14:02:59.199 [main] INFO  MyLearning.AmazonHomeTest - browser opened
14:02:59.422 [main] INFO  MyLearning.AmazonHomeTest - parent isCreate your Google Account
14:03:00.469 [main] INFO  MyLearning.AmazonHomeTest - child isWhy Google asks for certain info to create an account - Google Account Help
14:03:00.521 [main] INFO  MyLearning.AmazonHomeTest - parent after switching isCreate your Google Account
14:04:17.827 [main] INFO  MyLearning.AmazonHomeTest - browser opened
14:04:18.061 [main] INFO  MyLearning.AmazonHomeTest - parent isCreate your Google Account
14:04:19.100 [main] INFO  MyLearning.AmazonHomeTest - child isWhy Google asks for certain info to create an account - Google Account Help
14:04:19.139 [main] INFO  MyLearning.AmazonHomeTest - parent after switching isCreate your Google Account
14:12:15.708 [main] INFO  MyLearning.AmazonHomeTest - browser opened
14:12:15.931 [main] INFO  MyLearning.AmazonHomeTest - parent isCreate your Google Account
14:12:16.986 [main] INFO  MyLearning.AmazonHomeTest - child isWhy Google asks for certain info to create an account - Google Account Help
14:12:17.018 [main] INFO  MyLearning.AmazonHomeTest - parent after switching isCreate your Google Account
14:12:58.644 [main] INFO  MyLearning.AmazonHomeTest - browser opened
14:12:58.891 [main] INFO  MyLearning.AmazonHomeTest - parent isCreate your Google Account
14:12:59.928 [main] INFO  MyLearning.AmazonHomeTest - child isWhy Google asks for certain info to create an account - Google Account Help
14:12:59.960 [main] INFO  MyLearning.AmazonHomeTest - parent after switching isCreate your Google Account
14:15:17.282 [main] INFO  MyLearning.AmazonHomeTest - browser opened
14:15:17.479 [main] INFO  MyLearning.AmazonHomeTest - parent isCreate your Google Account
14:15:18.555 [main] INFO  MyLearning.AmazonHomeTest - child isWhy Google asks for certain info to create an account - Google Account Help
14:15:18.595 [main] INFO  MyLearning.AmazonHomeTest - parent after switching isCreate your Google Account
14:15:39.510 [main] INFO  MyLearning.AmazonHomeTest - browser opened
14:15:45.127 [main] INFO  MyLearning.AmazonHomeTest - Amazon.com: Online Shopping for Electronics, Apparel, Computers, Books, DVDs & more
14:15:56.219 [main] INFO  MyLearning.AmazonHomeTest - browser opened
14:15:57.037 [main] INFO  MyLearning.AmazonHomeTest - HomePageis  Amazon.com: Online Shopping for Electronics, Apparel, Computers, Books, DVDs & more
14:15:57.618 [main] INFO  MyLearning.AmazonHomeTest - Todats Deal Title is Amazon.com: Online Shopping for Electronics, Apparel, Computers, Books, DVDs & more
14:17:26.369 [main] INFO  MyLearning.AmazonHomeTest - browser opened
14:17:32.375 [main] INFO  MyLearning.AmazonHomeTest - Amazon.com: Online Shopping for Electronics, Apparel, Computers, Books, DVDs & more
14:44:24.563 [main] INFO  MyLearning.AmazonHomeTest - browser opened
14:44:24.865 [main] INFO  MyLearning.AmazonHomeTest - parent isCreate your Google Account
14:44:25.950 [main] INFO  MyLearning.AmazonHomeTest - child isWhy Google asks for certain info to create an account - Google Account Help
14:44:26.039 [main] INFO  MyLearning.AmazonHomeTest - parent after switching isCreate your Google Account
14:45:24.192 [main] INFO  MyLearning.AmazonHomeTest - Electronics, Cars, Fashion, Collectibles, Coupons and More | eBay
14:45:26.582 [main] INFO  MyLearning.AmazonHomeTest - Sitemap | eBay
14:45:26.585 [main] INFO  MyLearning.AmazonHomeTest - pass
14:45:54.473 [main] INFO  MyLearning.AmazonHomeTest - browser opened
14:46:03.726 [main] INFO  MyLearning.AmazonHomeTest - Amazon.com: Online Shopping for Electronics, Apparel, Computers, Books, DVDs & more
14:46:34.149 [main] INFO  MyLearning.AmazonHomeTest - browser opened
14:46:37.801 [main] INFO  MyLearning.AmazonHomeTest - HomePageis  Amazon.com: Online Shopping for Electronics, Apparel, Computers, Books, DVDs & more
14:46:38.488 [main] INFO  MyLearning.AmazonHomeTest - Todats Deal Title is Amazon.com: Online Shopping for Electronics, Apparel, Computers, Books, DVDs & more
19:03:04.617 [main] INFO  MyLearning.AmazonHomeTest - count=11
19:03:05.179 [main] INFO  MyLearning.AmazonHomeTest - 8 (lb 3, w 5)
19:03:05.180 [main] INFO  MyLearning.AmazonHomeTest - 8
14:43:31.315 [main] INFO  MyLearning.AmazonHomeTest - count=11
14:43:32.387 [main] INFO  MyLearning.AmazonHomeTest - 8 (lb 3, w 5)
14:43:32.388 [main] INFO  MyLearning.AmazonHomeTest - 8
14:44:59.509 [main] INFO  MyLearning.AmazonHomeTest - count=11
14:45:00.626 [main] INFO  MyLearning.AmazonHomeTest - 8 (lb 3, w 5)
14:45:00.628 [main] INFO  MyLearning.AmazonHomeTest - 8
14:47:41.388 [main] INFO  MyLearning.AmazonHomeTest - count=11
14:47:42.051 [main] INFO  MyLearning.AmazonHomeTest - 8 (lb 3, w 5)
14:47:42.052 [main] INFO  MyLearning.AmazonHomeTest - 8
14:50:24.353 [main] INFO  MyLearning.AmazonHomeTest - count=11
14:50:25.773 [main] INFO  MyLearning.AmazonHomeTest - 8 (lb 3, w 5)
14:50:25.775 [main] INFO  MyLearning.AmazonHomeTest - 8
14:52:10.016 [main] INFO  MyLearning.AmazonHomeTest - count=11
14:52:10.668 [main] INFO  MyLearning.AmazonHomeTest - 8 (lb 3, w 5)
14:52:10.669 [main] INFO  MyLearning.AmazonHomeTest - 8
15:08:50.481 [main] INFO  MyLearning.AmazonHomeTest - count=11
15:08:51.227 [main] INFO  MyLearning.AmazonHomeTest - 8 (lb 3, w 5)
15:08:51.228 [main] INFO  MyLearning.AmazonHomeTest - 8
15:12:30.915 [main] INFO  MyLearning.AmazonHomeTest - count=11
15:12:31.635 [main] INFO  MyLearning.AmazonHomeTest - 8 (lb 3, w 5)
15:12:31.636 [main] INFO  MyLearning.AmazonHomeTest - 8
15:14:36.483 [main] INFO  MyLearning.AmazonHomeTest - count=11
15:18:42.275 [main] INFO  MyLearning.AmazonHomeTest - count=11
15:20:28.175 [main] INFO  MyLearning.AmazonHomeTest - count=11
15:21:01.193 [main] INFO  MyLearning.AmazonHomeTest - count=11
15:22:56.218 [main] INFO  MyLearning.AmazonHomeTest - count=11
15:25:48.124 [main] INFO  MyLearning.AmazonHomeTest - count=11
17:09:34.397 [main] INFO  MyLearning.AmazonHomeTest - count=11
17:11:34.986 [main] INFO  MyLearning.AmazonHomeTest - count=11
17:14:42.166 [main] INFO  MyLearning.AmazonHomeTest - count=11
17:14:42.868 [main] DEBUG MyLearning.AmazonHomeTest - Runs score mathched Test Pass
17:19:58.380 [main] INFO  MyLearning.AmazonHomeTest - browser opened
17:19:58.820 [main] INFO  MyLearning.AmazonHomeTest - parent isCreate your Google Account
17:20:00.483 [main] INFO  MyLearning.AmazonHomeTest - child isWhy Google asks for certain info to create an account - Google Account Help
17:20:00.569 [main] INFO  MyLearning.AmazonHomeTest - parent after switching isCreate your Google Account
17:20:19.287 [main] INFO  MyLearning.AmazonHomeTest - Electronics, Cars, Fashion, Collectibles, Coupons and More | eBay
17:20:20.815 [main] INFO  MyLearning.AmazonHomeTest - Sitemap | eBay
17:20:20.824 [main] INFO  MyLearning.AmazonHomeTest - pass
17:20:30.174 [main] INFO  MyLearning.AmazonHomeTest - browser opened
17:20:35.445 [main] INFO  MyLearning.AmazonHomeTest - Amazon.com: Online Shopping for Electronics, Apparel, Computers, Books, DVDs & more
17:20:44.647 [main] INFO  MyLearning.AmazonHomeTest - browser opened
17:20:45.334 [main] INFO  MyLearning.AmazonHomeTest - HomePageis  Amazon.com: Online Shopping for Electronics, Apparel, Computers, Books, DVDs & more
17:20:47.370 [main] INFO  MyLearning.AmazonHomeTest - Todats Deal Title is Amazon.com: iphone 7 adapter charge and headphone
17:24:21.238 [main] INFO  MyLearning.AmazonHomeTest - browser opened
17:24:21.610 [main] INFO  MyLearning.AmazonHomeTest - parent isCreate your Google Account
17:24:22.745 [main] INFO  MyLearning.AmazonHomeTest - child isWhy Google asks for certain info to create an account - Google Account Help
17:24:22.815 [main] INFO  MyLearning.AmazonHomeTest - parent after switching isCreate your Google Account
17:26:45.124 [main] INFO  MyLearning.AmazonHomeTest - Electronics, Cars, Fashion, Collectibles, Coupons and More | eBay
17:26:46.429 [main] INFO  MyLearning.AmazonHomeTest - Sitemap | eBay
17:26:46.429 [main] INFO  MyLearning.AmazonHomeTest - pass
15:30:40.208 [main] INFO  MyLearning.AmazonHomeTest - browser opened
15:30:40.395 [main] INFO  MyLearning.AmazonHomeTest - parent isCreate your Google Account
15:30:41.492 [main] INFO  MyLearning.AmazonHomeTest - child isWhy Google asks for certain info to create an account - Google Account Help
15:30:41.506 [main] INFO  MyLearning.AmazonHomeTest - parent after switching isCreate your Google Account
15:31:01.831 [main] INFO  MyLearning.AmazonHomeTest - count=11
15:31:02.478 [main] DEBUG MyLearning.AmazonHomeTest - Runs score mathched Test Pass
15:31:07.970 [main] INFO  MyLearning.AmazonHomeTest - Electronics, Cars, Fashion, Collectibles, Coupons and More | eBay
15:31:09.689 [main] INFO  MyLearning.AmazonHomeTest - Sitemap | eBay
15:31:09.689 [main] INFO  MyLearning.AmazonHomeTest - pass
15:31:17.503 [main] INFO  MyLearning.AmazonHomeTest - browser opened
15:31:22.830 [main] INFO  MyLearning.AmazonHomeTest - Amazon.com: Online Shopping for Electronics, Apparel, Computers, Books, DVDs & more
15:31:29.548 [main] INFO  MyLearning.AmazonHomeTest - browser opened
15:31:30.273 [main] INFO  MyLearning.AmazonHomeTest - HomePageis  Amazon.com: Online Shopping for Electronics, Apparel, Computers, Books, DVDs & more
15:31:30.816 [main] INFO  MyLearning.AmazonHomeTest - Todats Deal Title is Amazon.com: Online Shopping for Electronics, Apparel, Computers, Books, DVDs & more
15:32:57.384 [main] INFO  MyLearning.AmazonHomeTest - browser opened
15:32:57.573 [main] INFO  MyLearning.AmazonHomeTest - parent isCreate your Google Account
15:32:58.684 [main] INFO  MyLearning.AmazonHomeTest - child isWhy Google asks for certain info to create an account - Google Account Help
15:32:58.698 [main] INFO  MyLearning.AmazonHomeTest - parent after switching isCreate your Google Account
15:33:21.682 [main] INFO  MyLearning.AmazonHomeTest - count=11
15:33:22.481 [main] DEBUG MyLearning.AmazonHomeTest - Runs score mathched Test Pass
15:33:30.127 [main] INFO  MyLearning.AmazonHomeTest - Electronics, Cars, Fashion, Collectibles, Coupons and More | eBay
15:33:32.061 [main] INFO  MyLearning.AmazonHomeTest - Sitemap | eBay
15:33:32.062 [main] INFO  MyLearning.AmazonHomeTest - pass
15:33:40.000 [main] INFO  MyLearning.AmazonHomeTest - browser opened
15:33:45.156 [main] INFO  MyLearning.AmazonHomeTest - Amazon.com: Online Shopping for Electronics, Apparel, Computers, Books, DVDs & more
15:33:54.147 [main] INFO  MyLearning.AmazonHomeTest - browser opened
15:33:54.715 [main] INFO  MyLearning.AmazonHomeTest - HomePageis  Amazon.com: Online Shopping for Electronics, Apparel, Computers, Books, DVDs & more
15:33:55.176 [main] INFO  MyLearning.AmazonHomeTest - Todats Deal Title is Amazon.com: Online Shopping for Electronics, Apparel, Computers, Books, DVDs & more
16:09:48.815 [main] INFO  MyLearning.AmazonHomeTest - browser opened
16:21:34.246 [main] INFO  MyLearning.AmazonHomeTest - browser opened
17:00:58.749 [main] INFO  MyLearning.AmazonHomeTest - Electronics, Cars, Fashion, Collectibles, Coupons and More | eBay
17:01:00.316 [main] INFO  MyLearning.AmazonHomeTest - Sitemap | eBay
17:01:00.317 [main] INFO  MyLearning.AmazonHomeTest - pass
15:29:26.110 [main] INFO  MyLearning.AmazonHomeTest - browser opened
15:32:15.076 [main] INFO  MyLearning.AmazonHomeTest - browser opened
15:32:21.471 [main] INFO  MyLearning.AmazonHomeTest - Amazon.com: Online Shopping for Electronics, Apparel, Computers, Books, DVDs & more
15:34:28.157 [main] INFO  MyLearning.AmazonHomeTest - browser opened
15:34:34.235 [main] INFO  MyLearning.AmazonHomeTest - Amazon.com: Online Shopping for Electronics, Apparel, Computers, Books, DVDs & more
15:36:45.944 [main] INFO  MyLearning.AmazonHomeTest - count=11
15:36:47.487 [main] DEBUG MyLearning.AmazonHomeTest - Runs score mathched Test Pass
15:27:49.042 [main] INFO  MyLearning.AmazonHomeTest - count=11
15:27:51.196 [main] DEBUG MyLearning.AmazonHomeTest - Runs score mathched Test Pass
15:27:59.176 [main] INFO  MyLearning.AmazonHomeTest - Electronics, Cars, Fashion, Collectibles, Coupons and More | eBay
15:28:00.975 [main] INFO  MyLearning.AmazonHomeTest - Sitemap | eBay
15:28:00.975 [main] INFO  MyLearning.AmazonHomeTest - pass
15:28:11.597 [main] INFO  MyLearning.AmazonHomeTest - browser opened
15:28:17.370 [main] INFO  MyLearning.AmazonHomeTest - Amazon.com: Online Shopping for Electronics, Apparel, Computers, Books, DVDs & more
14:04:48.637 [main] INFO  MyLearning.AmazonHomeTest - count=11
14:04:50.838 [main] DEBUG MyLearning.AmazonHomeTest - Runs score mathched Test Pass
14:04:56.580 [main] INFO  MyLearning.AmazonHomeTest - Electronics, Cars, Fashion, Collectibles, Coupons and More | eBay
14:04:57.524 [main] INFO  MyLearning.AmazonHomeTest - Electronics, Cars, Fashion, Collectibles, Coupons and More | eBay
14:04:57.524 [main] INFO  MyLearning.AmazonHomeTest - fail
14:05:07.220 [main] INFO  MyLearning.AmazonHomeTest - browser opened
14:05:13.160 [main] INFO  MyLearning.AmazonHomeTest - Amazon.com: Online Shopping for Electronics, Apparel, Computers, Books, DVDs & more
22:28:36.106 [main] INFO  MyLearning.AmazonHomeTest - Electronics, Cars, Fashion, Collectibles, Coupons and More | eBay
22:28:38.195 [main] INFO  MyLearning.AmazonHomeTest - Sitemap | eBay
22:28:38.195 [main] INFO  MyLearning.AmazonHomeTest - pass
